<?xml version="1.0" encoding="UTF-8" ?>
<testsuites name="vitest tests" tests="26" failures="0" errors="0" time="2.97652">
    <testsuite name="test/AuthRoute.test.ts" timestamp="2026-07-11T00:04:26.373Z" hostname="Jane" tests="2" failures="0" errors="0" skipped="0" time="0.5540023">
        <testcase classname="test/AuthRoute.test.ts" name="Auth Tests &gt; Can make login request." time="0.0776571">
        </testcase>
        <testcase classname="test/AuthRoute.test.ts" name="Auth Tests &gt; Can make logout request." time="0.0349932">
        </testcase>
    </testsuite>
    <testsuite name="test/OrderRoute.test.ts" timestamp="2026-07-11T00:04:26.375Z" hostname="Jane" tests="8" failures="0" errors="0" skipped="1" time="0.6339389">
        <testcase classname="test/OrderRoute.test.ts" name="Order Tests &gt; Can make count request." time="0.0331201">
        </testcase>
        <testcase classname="test/OrderRoute.test.ts" name="Order Tests &gt; Can make create request." time="0.0120642">
        </testcase>
        <testcase classname="test/OrderRoute.test.ts" name="Order Tests &gt; Can make delete request." time="0.0112712">
        </testcase>
        <testcase classname="test/OrderRoute.test.ts" name="Order Tests &gt; Can make findAll request." time="0.0141264">
        </testcase>
        <testcase classname="test/OrderRoute.test.ts" name="Order Tests &gt; Can make findById request." time="0.0053828">
        </testcase>
        <testcase classname="test/OrderRoute.test.ts" name="Order Tests &gt; Can make truncate request." time="0.0128112">
        </testcase>
        <testcase classname="test/OrderRoute.test.ts" name="Order Tests &gt; Can make update request." time="0.0121913">
        </testcase>
        <testcase classname="test/OrderRoute.test.ts" name="Order Tests &gt; Can make update property request." time="0">
            <skipped/>
        </testcase>
    </testsuite>
    <testsuite name="test/PetRoute.test.ts" timestamp="2026-07-11T00:04:26.377Z" hostname="Jane" tests="8" failures="0" errors="0" skipped="1" time="0.6208773">
        <testcase classname="test/PetRoute.test.ts" name="Pet Tests &gt; Can make count request." time="0.024115">
        </testcase>
        <testcase classname="test/PetRoute.test.ts" name="Pet Tests &gt; Can make create request." time="0.0085553">
        </testcase>
        <testcase classname="test/PetRoute.test.ts" name="Pet Tests &gt; Can make delete request." time="0.0111679">
        </testcase>
        <testcase classname="test/PetRoute.test.ts" name="Pet Tests &gt; Can make findAll request." time="0.0097772">
        </testcase>
        <testcase classname="test/PetRoute.test.ts" name="Pet Tests &gt; Can make findById request." time="0.0045521">
        </testcase>
        <testcase classname="test/PetRoute.test.ts" name="Pet Tests &gt; Can make truncate request." time="0.0119126">
        </testcase>
        <testcase classname="test/PetRoute.test.ts" name="Pet Tests &gt; Can make update request." time="0.0101458">
        </testcase>
        <testcase classname="test/PetRoute.test.ts" name="Pet Tests &gt; Can make update property request." time="0">
            <skipped/>
        </testcase>
    </testsuite>
    <testsuite name="test/UserRoute.test.ts" timestamp="2026-07-11T00:04:26.378Z" hostname="Jane" tests="8" failures="0" errors="0" skipped="1" time="1.1677015">
        <testcase classname="test/UserRoute.test.ts" name="User Tests &gt; Can make count request." time="0.1780898">
        </testcase>
        <testcase classname="test/UserRoute.test.ts" name="User Tests &gt; Can make create request." time="0.0632297">
        </testcase>
        <testcase classname="test/UserRoute.test.ts" name="User Tests &gt; Can make delete request." time="0.0378107">
        </testcase>
        <testcase classname="test/UserRoute.test.ts" name="User Tests &gt; Can make findAll request." time="0.1525345">
        </testcase>
        <testcase classname="test/UserRoute.test.ts" name="User Tests &gt; Can make findById request." time="0.0368549">
        </testcase>
        <testcase classname="test/UserRoute.test.ts" name="User Tests &gt; Can make truncate request." time="0.1400364">
        </testcase>
        <testcase classname="test/UserRoute.test.ts" name="User Tests &gt; Can make update request." time="0.0606942">
        </testcase>
        <testcase classname="test/UserRoute.test.ts" name="User Tests &gt; Can make update property request." time="0">
            <skipped/>
        </testcase>
    </testsuite>
</testsuites>
