<?xml version="1.0" encoding="UTF-8" ?>
<testsuites name="vitest tests" tests="23" failures="0" errors="0" time="2.9813581">
    <testsuite name="test/AuthRoute.test.ts" timestamp="2026-06-26T00:09:14.812Z" hostname="Jane" tests="2" failures="0" errors="0" skipped="0" time="0.5927125">
        <testcase classname="test/AuthRoute.test.ts" name="Auth Tests &gt; Can make login request." time="0.0820087">
        </testcase>
        <testcase classname="test/AuthRoute.test.ts" name="Auth Tests &gt; Can make logout request." time="0.0340677">
        </testcase>
    </testsuite>
    <testsuite name="test/OrderRoute.test.ts" timestamp="2026-06-26T00:09:14.814Z" hostname="Jane" tests="7" failures="0" errors="0" skipped="0" time="0.5775224">
        <testcase classname="test/OrderRoute.test.ts" name="Order Tests &gt; Can make count request." time="0.035064">
        </testcase>
        <testcase classname="test/OrderRoute.test.ts" name="Order Tests &gt; Can make create request." time="0.0097955">
        </testcase>
        <testcase classname="test/OrderRoute.test.ts" name="Order Tests &gt; Can make delete request." time="0.0097269">
        </testcase>
        <testcase classname="test/OrderRoute.test.ts" name="Order Tests &gt; Can make findAll request." time="0.0083481">
        </testcase>
        <testcase classname="test/OrderRoute.test.ts" name="Order Tests &gt; Can make findById request." time="0.0039441">
        </testcase>
        <testcase classname="test/OrderRoute.test.ts" name="Order Tests &gt; Can make truncate request." time="0.0091724">
        </testcase>
        <testcase classname="test/OrderRoute.test.ts" name="Order Tests &gt; Can make update request." time="0.006056">
        </testcase>
    </testsuite>
    <testsuite name="test/PetRoute.test.ts" timestamp="2026-06-26T00:09:14.815Z" hostname="Jane" tests="7" failures="0" errors="0" skipped="0" time="0.5252677">
        <testcase classname="test/PetRoute.test.ts" name="Pet Tests &gt; Can make count request." time="0.0225646">
        </testcase>
        <testcase classname="test/PetRoute.test.ts" name="Pet Tests &gt; Can make create request." time="0.0064068">
        </testcase>
        <testcase classname="test/PetRoute.test.ts" name="Pet Tests &gt; Can make delete request." time="0.0056239">
        </testcase>
        <testcase classname="test/PetRoute.test.ts" name="Pet Tests &gt; Can make findAll request." time="0.0073031">
        </testcase>
        <testcase classname="test/PetRoute.test.ts" name="Pet Tests &gt; Can make findById request." time="0.0032756">
        </testcase>
        <testcase classname="test/PetRoute.test.ts" name="Pet Tests &gt; Can make truncate request." time="0.0061879">
        </testcase>
        <testcase classname="test/PetRoute.test.ts" name="Pet Tests &gt; Can make update request." time="0.0052074">
        </testcase>
    </testsuite>
    <testsuite name="test/UserRoute.test.ts" timestamp="2026-06-26T00:09:14.816Z" hostname="Jane" tests="7" failures="0" errors="0" skipped="0" time="1.2858555">
        <testcase classname="test/UserRoute.test.ts" name="User Tests &gt; Can make count request." time="0.1847853">
        </testcase>
        <testcase classname="test/UserRoute.test.ts" name="User Tests &gt; Can make create request." time="0.0707765">
        </testcase>
        <testcase classname="test/UserRoute.test.ts" name="User Tests &gt; Can make delete request." time="0.0397193">
        </testcase>
        <testcase classname="test/UserRoute.test.ts" name="User Tests &gt; Can make findAll request." time="0.1530064">
        </testcase>
        <testcase classname="test/UserRoute.test.ts" name="User Tests &gt; Can make findById request." time="0.0318115">
        </testcase>
        <testcase classname="test/UserRoute.test.ts" name="User Tests &gt; Can make truncate request." time="0.1685127">
        </testcase>
        <testcase classname="test/UserRoute.test.ts" name="User Tests &gt; Can make update request." time="0.0711792">
        </testcase>
    </testsuite>
</testsuites>
